                                 Started job on |	Dec 01 11:46:32
                             Started mapping on |	Dec 01 11:46:33
                                    Finished on |	Dec 01 11:47:13
       Mapping speed, Million of reads per hour |	359.78

                          Number of input reads |	3997581
                      Average input read length |	94
                                    UNIQUE READS:
                   Uniquely mapped reads number |	3872590
                        Uniquely mapped reads % |	96.87%
                          Average mapped length |	93.85
                       Number of splices: Total |	1041739
            Number of splices: Annotated (sjdb) |	1032904
                       Number of splices: GT/AG |	1030247
                       Number of splices: GC/AG |	10449
                       Number of splices: AT/AC |	677
               Number of splices: Non-canonical |	366
                      Mismatch rate per base, % |	0.59%
                         Deletion rate per base |	0.01%
                        Deletion average length |	1.91
                        Insertion rate per base |	0.01%
                       Insertion average length |	1.84
                             MULTI-MAPPING READS:
        Number of reads mapped to multiple loci |	77883
             % of reads mapped to multiple loci |	1.95%
        Number of reads mapped to too many loci |	257
             % of reads mapped to too many loci |	0.01%
                                  UNMAPPED READS:
  Number of reads unmapped: too many mismatches |	0
       % of reads unmapped: too many mismatches |	0.00%
            Number of reads unmapped: too short |	34284
                 % of reads unmapped: too short |	0.86%
                Number of reads unmapped: other |	1054
                     % of reads unmapped: other |	0.03%
                                  CHIMERIC READS:
                       Number of chimeric reads |	18453
                            % of chimeric reads |	0.46%
